DEAP/CLEAN RAT, version r2090
Status messages enabled: info detail 
Hostname: nino PID: 2596
Seeding random number generator: 1548475493
DB: Loading /data/snoplus/home/cbenson/rat/data/ANGLE_RESPONSE.ratdb ... Success!
DB: Loading /data/snoplus/home/cbenson/rat/data/BeffiCorr.ratdb ... Success!
DB: Loading /data/snoplus/home/cbenson/rat/data/CAENWFD.ratdb ... Success!
DB: Loading /data/snoplus/home/cbenson/rat/data/CONCENTRATOR.ratdb ... Success!
DB: Loading /data/snoplus/home/cbenson/rat/data/DETECTOR.ratdb ... Success!
DB: Loading /data/snoplus/home/cbenson/rat/data/ELEMENTS.ratdb ... Success!
DB: Loading /data/snoplus/home/cbenson/rat/data/FIT_POISSION.ratdb ... Success!
DB: Loading /data/snoplus/home/cbenson/rat/data/IBD.ratdb ... Success!
DB: Loading /data/snoplus/home/cbenson/rat/data/IO.ratdb ... Success!
DB: Loading /data/snoplus/home/cbenson/rat/data/LALPHA.ratdb ... Success!
DB: Loading /data/snoplus/home/cbenson/rat/data/LEDtest.ratdb ... Success!
DB: Loading /data/snoplus/home/cbenson/rat/data/MATERIALS.ratdb ... Success!
DB: Loading /data/snoplus/home/cbenson/rat/data/MC.ratdb ... Success!
DB: Loading /data/snoplus/home/cbenson/rat/data/NTUPLE.ratdb ... Success!
DB: Loading /data/snoplus/home/cbenson/rat/data/OPTICS.ratdb ... Success!
DB: Loading /data/snoplus/home/cbenson/rat/data/PMT.ratdb ... Success!
DB: Loading /data/snoplus/home/cbenson/rat/data/PMTDETECTORTYPE.ratdb ... Success!
DB: Loading /data/snoplus/home/cbenson/rat/data/RUN.ratdb ... Success!
DB: Loading /data/snoplus/home/cbenson/rat/data/RUN_CALIBRATION.ratdb ... Success!
DB: Loading /data/snoplus/home/cbenson/rat/data/SINGLE_PE.ratdb ... Success!
DB: Loading /data/snoplus/home/cbenson/rat/data/SPECTRUM.ratdb ... Success!
DB: Loading /data/snoplus/home/cbenson/rat/data/SPESPECTRUM.ratdb ... Success!
DB: Loading /data/snoplus/home/cbenson/rat/data/WATERBOX_TEST_LOCATION.ratdb ... Success!
DB: Loading /data/snoplus/home/cbenson/rat/data/WAVEGUIDE.ratdb ... Success!
DB: Loading /data/snoplus/home/cbenson/rat/data/WIMP.ratdb ... Success!

*************************************************************
 Geant4 version Name: geant4-09-05-patch-01    (20-March-2012)
                      Copyright : Geant4 Collaboration
                      Reference : NIM A 506 (2003), 250-303
                            WWW : http://cern.ch/geant4
*************************************************************

Visualization Manager instantiating with verbosity "warnings (3)"...
Visualization Manager initialising...
Registering graphics systems...

You have successfully registered the following graphics systems.
Current available graphics systems are:
  ASCIITree (ATree)
  DAWNFILE (DAWNFILE)
  G4HepRep (HepRepXML)
  G4HepRepFile (HepRepFile)
  RayTracer (RayTracer)
  VRML1FILE (VRML1FILE)
  VRML2FILE (VRML2FILE)
  gMocrenFile (gMocrenFile)
  RayTracerX (RayTracerX)

Registering model factories...

You have successfully registered the following model factories.
Registered model factories:
  generic
  drawByCharge
  drawByParticleID
  drawByOriginVolume
  drawByAttribute

Registered filter factories:
  chargeFilter
  particleFilter
  originVolumeFilter
  attributeFilter

Some /vis commands (optionally) take a string to specify colour.
Available colours:
  black, blue, cyan, gray, green, grey, magenta, red, white, yellow

DB: Setting DETECTOR[] geo_file to ./testTest.geo
No experiment-specific tables loaded.
Loading detector geometry from ./testTest.geo
DetectorConfig: 0 PMTs created
DetectorConfig: 0 veto strings created
DetectorConfig: 0 analog sums created
DetectorConfig: 0 DAQ boards created
Constructing detector materials...
Loaded material: AR_coating
Loaded material: MgF2
Loaded material: NaI
Loaded material: Prelude
Loaded material: SNOnorite
Loaded material: TiO2
Loaded material: ZnO2
Loaded material: acrylic_SpartechSheet
Loaded material: acrylic_black
Loaded material: acrylic_polycast
Loaded material: acrylic_rpt
Loaded material: acrylic_suvt
Loaded material: acrylic_uva_McMaster
Loaded material: acrylic_uvt
Loaded material: acrylic_uvt_RPT
Loaded material: acrylic_uvt_good
Loaded material: acrylic_white
Loaded material: air
Loaded material: aluminum
Loaded material: borosilicate_glass
Loaded material: cardboard
Loaded material: concrete
Loaded material: concrete_chess
Loaded material: concrete_kaplan
Loaded material: concrete_mcnp
Loaded material: copper
Loaded material: cryostat_vacuum
Loaded material: dead_liquid_Ar
Loaded material: dead_liquid_He
Loaded material: dead_liquid_Ne
Loaded material: dead_liquid_Xe
Loaded material: delrin
Loaded material: dodecane
Loaded material: finemet
Loaded material: gaseous_Ar_ratdeap
Loaded material: gd_scintillator
G4Material::GetMaterial() WARNING: The material: mineral_oil does not exist in the table. Return NULL pointer.
gd_scintillator thrown on construction queue
Loaded material: glass
Loaded material: hamamatsu_borosilicate_glass
WARNING !! for hamamatsu_borosilicate_glass sum of fractional masses 1.001 is not 1 - results may be wrong
Loaded material: kevlar
Loaded material: lead
Loaded material: liquid_Ar
Loaded material: liquid_He
Loaded material: liquid_Ne
Loaded material: liquid_Xe
Loaded material: mineral_oil
Loaded material: nylon
Loaded material: optical_grease
Loaded material: pen
Loaded material: pet
Loaded material: photocathode
Loaded material: photocathode_MOD
Loaded material: photocathode_R11065
Loaded material: photocathode_R1408
Loaded material: photocathode_R5912_HQE
Loaded material: photocathode_et9390b
Loaded material: pmt_vacuum
Loaded material: polyethylene
Loaded material: polypropylene
Loaded material: polystyrene_foam
Loaded material: ppo
Loaded material: pseudocumene
Loaded material: ptfe
Loaded material: ptfe_fabric
Loaded material: pvc
Loaded material: quartz
Loaded material: rock
Loaded material: salt_water
Loaded material: sapphire
Loaded material: scintillator
Loaded material: stainless_steel
Loaded material: stainless_steel_316L
Loaded material: steel
Loaded material: styrofoam
Loaded material: tank_liner
Loaded material: tpb
Loaded material: tpb_surface
Loaded material: tpb_surface_1micron
Loaded material: tpb_surface_2micron
Loaded material: tpb_surface_3micron
Loaded material: tpb_surface_deap1
Loaded material: tungsten
Loaded material: tungsten_alloy
Loaded material: tyvek
Loaded material: vikuiti_esr
Loaded material: water
queue: gd_scintillator
Loaded optics: AR_coating
Loaded optics: MgF2
Loaded optics: TiO2
Loaded optics: ZnO2
Loaded optics: acrylic_SpartechSheet
Loaded optics: acrylic_black
Loaded optics: acrylic_polycast
Loaded optics: acrylic_rpt
Loaded optics: acrylic_suvt
Loaded optics: acrylic_uva_McMaster
Loaded optics: acrylic_uvt
Loaded optics: acrylic_uvt_RPT
Loaded optics: acrylic_uvt_good
Loaded optics: acrylic_white
Loaded optics: air
Loaded optics: aluminum
Loaded optics: copper
Loaded optics: cryostat_vacuum
Loaded optics: dead_liquid_Ar
Loaded optics: dead_liquid_He
Loaded optics: dead_liquid_Ne
Loaded optics: gaseous_Ar_ratdeap
Loaded optics: gd_scintillator
Loaded optics: glass
Loaded optics: liquid_Ar
Loaded optics: liquid_He
Loaded optics: liquid_Ne
Loaded optics: mineral_oil
Loaded optics: nylon
Loaded optics: optical_grease
Loaded optics: photocathode
Loaded optics: photocathode_MOD
Loaded optics: photocathode_R11065
Loaded optics: photocathode_R1408
Loaded optics: photocathode_R5912_HQE
Loaded optics: photocathode_et9390b
Loaded optics: pmt_vacuum
Loaded optics: pseudocumene
Loaded optics: ptfe
Loaded optics: ptfe_fabric
Loaded optics: quartz
Loaded optics: salt_water
Loaded optics: sapphire
Loaded optics: scintillator
Loaded optics: stainless_steel
Loaded optics: stainless_steel_316L
Loaded optics: styrofoam
Loaded optics: tank_liner
Loaded optics: tpb
Loaded optics: tpb_surface
Loaded optics: tpb_surface_1micron
Loaded optics: tpb_surface_2micron
Loaded optics: tpb_surface_3micron
Loaded optics: tpb_surface_deap1
Loaded optics: tyvek
Loaded optics: water
Registering box
Registering tube
Registering torus
Registering sphere
Registering AV
Registering reflector
Registering reflector_waveguide
Registering pmtarray
Registering pmtcoverage
Registering waterboxarray
Registering bubble
Registering ptube
Registering psphere
Registering extpolyarray
Registering lgarray
Registering revarray
Registering facetlgarray
Registering openlgarray
Registering modlgarray
Registering tubearray
Registering revolve
Registering revolveChimney
Registering mCOMarray
Registering lens
Registering flask
Registering opticalwindowarray
Registering opticaltubearray
Registering polygon
Registering urchin
Registering MCIV
Registering MCcassette
Registering FlowGuideBOut
Registering FlowGuideBIn
Registering border
Registering convexlens
Registering baffle
Registering tubeinter
Registering perfbox
Registering d1lg
Registering cut_tube
Registering VUVSample
GeoSolidFactory: Constructing volume world
GeoSolidFactory: Constructing volume monochrom_housing
GeoSolidFactory: Constructing volume grating_vol
GeoSolidFactory: Constructing volume shutterTunnel
GeoSolidFactory: Constructing volume acrylicSampleDisk
GeoSolidFactory: Constructing volume photodiodeCavity
GeoSolidFactory: Constructing volume photodiodeVolume
GeoSolidFactory: Constructing volume plasticBehindPhotodiode
GeoSolidFactory: Constructing volume sampleWheelTunnel
GeoSolidFactory: Constructing volume sample_wheel_slit_bottom
GeoSolidFactory: Constructing volume sample_wheel_slit_left
GeoSolidFactory: Constructing volume sample_wheel_slit_right
GeoSolidFactory: Constructing volume sample_wheel_slit_top
GeoSolidFactory: Constructing volume tpbVolume
GeoSurfaceFactory: Constructing border TPBSurface
Cerenkov::Cerenkov constructor
NOTE: this is now a G4VProcess!
Required change in UserPhysicsList: 
change: pmanager->AddContinuousProcess(theCerenkovProcess);
to:     pmanager->AddProcess(theCerenkovProcess);
        pmanager->SetProcessOrdering(theCerenkovProcess,idxPostStep);
ExtendedOpBoundary is created

Warning! Found a scintillator without Re-emission spectrum (probably a scintillator without WLS)
I will assume that for this material this spectrum is equal to the primary scintillation spectrum...

Warning! Found a scintillator without Re-emission spectrum (probably a scintillator without WLS)
I will assume that for this material this spectrum is equal to the primary scintillation spectrum...

Warning! Found a scintillator without Re-emission spectrum (probably a scintillator without WLS)
I will assume that for this material this spectrum is equal to the primary scintillation spectrum...

Warning! Found a scintillator with DMsConstant but without dEdxCOEFF parameter.
I will use the nonlinear dEdx for this material...

Warning! Found a scintillator without Re-emission spectrum (probably a scintillator without WLS)
I will assume that for this material this spectrum is equal to the primary scintillation spectrum...

Warning! Found a scintillator without LIGHT_YIELD parameter.
I will assume that for this material this parameter is implicit in the scintillation integral...

Warning! Found a scintillator without Re-emission spectrum (probably a scintillator without WLS)
I will assume that for this material this spectrum is equal to the primary scintillation spectrum...

Warning! Found a scintillator without LIGHT_YIELD parameter.
I will assume that for this material this parameter is implicit in the scintillation integral...

Warning! Found a scintillator without Re-emission spectrum (probably a scintillator without WLS)
I will assume that for this material this spectrum is equal to the primary scintillation spectrum...

Warning! Found a scintillator without Re-emission spectrum (probably a scintillator without WLS)
I will assume that for this material this spectrum is equal to the primary scintillation spectrum...

Warning! Found a scintillator without Re-emission spectrum (probably a scintillator without WLS)
I will assume that for this material this spectrum is equal to the primary scintillation spectrum...

Warning! Found a scintillator with DMsConstant but without dEdxCOEFF parameter.
I will use the nonlinear dEdx for this material...
GLG4Scint[] {
  myLowerMassLimit=0
}
GLG4Scint[heavy] {
  myLowerMassLimit=844.445
}
Process Name Cerenkov : Type[Electromagnetic] : SubType[21]
Process Name Attenuation : Type[Optical] : SubType[31]
Process Name OpWLS : Type[Optical] : SubType[34]
GLG4PhysicsList::SetCuts: done
Run time:     35.42 sec
CPU usage: user    35.11 sec	sys   0.14 sec
Processor usage statistics
--------------------------
             Event source: -nan sec/event
--------------------------
Total: -nan sec/event

WARNING - Attempt to delete the solid store while geometry closed !
WARNING - Attempt to delete the logical volume store while geometry closed !
WARNING - Attempt to delete the physical volume store while geometry closed !
WARNING - Attempt to delete the region store while geometry closed !
